<?xml version="1.0" encoding="UTF-8"?>
<!-- Generated by org.testng.reporters.JUnitReportReporter -->
<testsuite hostname="DESKTOP-D1QSOC2" failures="0" tests="20" name="co.capstone.runner.Runner" time="211.715" errors="0" timestamp="2022-06-22T18:31:28 IST" skipped="0">
  <testcase classname="co.capstone.runner.Runner" name="featue" time="15.449"/>
  <system-out/>
  <testcase classname="co.capstone.runner.Runner" name="featue" time="8.051"/>
  <system-out/>
  <testcase classname="co.capstone.runner.Runner" name="featue" time="11.347"/>
  <system-out/>
  <testcase classname="co.capstone.runner.Runner" name="featue" time="8.482"/>
  <system-out/>
  <testcase classname="co.capstone.runner.Runner" name="featue" time="9.324"/>
  <system-out/>
  <testcase classname="co.capstone.runner.Runner" name="featue" time="11.362"/>
  <system-out/>
  <testcase classname="co.capstone.runner.Runner" name="featue" time="10.734"/>
  <system-out/>
  <testcase classname="co.capstone.runner.Runner" name="featue" time="14.991"/>
  <system-out/>
  <testcase classname="co.capstone.runner.Runner" name="featue" time="10.074"/>
  <system-out/>
  <testcase classname="co.capstone.runner.Runner" name="featue" time="11.279"/>
  <system-out/>
  <testcase classname="co.capstone.runner.Runner" name="featue" time="12.996"/>
  <system-out/>
  <testcase classname="co.capstone.runner.Runner" name="featue" time="9.907"/>
  <system-out/>
  <testcase classname="co.capstone.runner.Runner" name="featue" time="8.126"/>
  <system-out/>
  <testcase classname="co.capstone.runner.Runner" name="featue" time="7.315"/>
  <system-out/>
  <testcase classname="co.capstone.runner.Runner" name="featue" time="7.001"/>
  <system-out/>
  <testcase classname="co.capstone.runner.Runner" name="featue" time="12.271"/>
  <system-out/>
  <testcase classname="co.capstone.runner.Runner" name="featue" time="11.745"/>
  <system-out/>
  <testcase classname="co.capstone.runner.Runner" name="featue" time="11.405"/>
  <system-out/>
  <testcase classname="co.capstone.runner.Runner" name="featue" time="9.821"/>
  <system-out/>
  <testcase classname="co.capstone.runner.Runner" name="featue" time="10.035"/>
  <system-out/>
</testsuite> <!-- co.capstone.runner.Runner -->
